The system is: Windows - 10.0.17763 - AMD64
Compiling the C compiler identification source file "CMakeCCompilerId.c" succeeded.
Compiler: C:/Program Files (x86)/Microsoft Visual Studio/2017/Professional/VC/Tools/MSVC/14.16.27023/bin/Hostx86/x86/cl.exe 
Build flags: 
Id flags:  

The output was:
0
Microsoft (R) C/C++ Optimizing Compiler Version 19.16.27026.1 for x86
Copyright (C) Microsoft Corporation.  All rights reserved.

CMakeCCompilerId.c
Microsoft (R) Incremental Linker Version 14.16.27026.1
Copyright (C) Microsoft Corporation.  All rights reserved.

/out:CMakeCCompilerId.exe 
CMakeCCompilerId.obj 


Compilation of the C compiler identification source "CMakeCCompilerId.c" produced "CMakeCCompilerId.exe"

Compilation of the C compiler identification source "CMakeCCompilerId.c" produced "CMakeCCompilerId.obj"

The C compiler identification is MSVC, found in "C:/Users/Sks_Hulk/CLionProjects/untitled/cmake-build-debug/CMakeFiles/3.10.3/CompilerIdC/CMakeCCompilerId.exe"

Determining if the C compiler works passed with the following output:
Change Dir: C:/Users/Sks_Hulk/CLionProjects/untitled/cmake-build-debug/CMakeFiles/CMakeTmp

Run Build Command:"nmake" "/NOLOGO" "cmTC_819ef\fast"
	"C:\Program Files (x86)\Microsoft Visual Studio\2017\Professional\VC\Tools\MSVC\14.16.27023\bin\HostX86\x86\nmake.exe" -f CMakeFiles\cmTC_819ef.dir\build.make /nologo -L                  CMakeFiles\cmTC_819ef.dir\build
Building C object CMakeFiles/cmTC_819ef.dir/testCCompiler.c.obj
	C:\PROGRA~2\MIB055~1\2017\PROFES~1\VC\Tools\MSVC\1416~1.270\bin\Hostx86\x86\cl.exe @C:\Users\Sks_Hulk\AppData\Local\Temp\nm5032.tmp
testCCompiler.c
Linking C executable cmTC_819ef.exe
	"C:\Program Files\JetBrains\CLion 2018.1.6\bin\cmake\bin\cmake.exe" -E vs_link_exe --intdir=CMakeFiles\cmTC_819ef.dir --manifests  -- C:\PROGRA~2\MIB055~1\2017\PROFES~1\VC\Tools\MSVC\1416~1.270\bin\Hostx86\x86\link.exe /nologo @CMakeFiles\cmTC_819ef.dir\objects1.rsp @C:\Users\Sks_Hulk\AppData\Local\Temp\nm50FE.tmp


Detecting C compiler ABI info compiled with the following output:
Change Dir: C:/Users/Sks_Hulk/CLionProjects/untitled/cmake-build-debug/CMakeFiles/CMakeTmp

Run Build Command:"nmake" "/NOLOGO" "cmTC_c77df\fast"
	"C:\Program Files (x86)\Microsoft Visual Studio\2017\Professional\VC\Tools\MSVC\14.16.27023\bin\HostX86\x86\nmake.exe" -f CMakeFiles\cmTC_c77df.dir\build.make /nologo -L                  CMakeFiles\cmTC_c77df.dir\build
Building C object CMakeFiles/cmTC_c77df.dir/CMakeCCompilerABI.c.obj
	C:\PROGRA~2\MIB055~1\2017\PROFES~1\VC\Tools\MSVC\1416~1.270\bin\Hostx86\x86\cl.exe @C:\Users\Sks_Hulk\AppData\Local\Temp\nm588E.tmp
CMakeCCompilerABI.c
Linking C executable cmTC_c77df.exe
	"C:\Program Files\JetBrains\CLion 2018.1.6\bin\cmake\bin\cmake.exe" -E vs_link_exe --intdir=CMakeFiles\cmTC_c77df.dir --manifests  -- C:\PROGRA~2\MIB055~1\2017\PROFES~1\VC\Tools\MSVC\1416~1.270\bin\Hostx86\x86\link.exe /nologo @CMakeFiles\cmTC_c77df.dir\objects1.rsp @C:\Users\Sks_Hulk\AppData\Local\Temp\nm592C.tmp


